<?xml version="1.0" encoding="UTF-8"?><testsuite errors="1" failures="0" name="Buscar un vuelo economico" skipped="0" tests="4" time="106.68" timestamp="2021-06-25 04:45:46"><testcase name="Busqueda vuelo mas economico por empresa"><error message="element click intercepted: Element &lt;button class=&quot;steppers-icon-right stepper__icon&quot; tabindex=&quot;&quot;&gt;...&lt;/button&gt; is not clickable at point (1115, 405). Other element would receive the click: &lt;div class=&quot;commercial-module__offers&quot;&gt;...&lt;/div&gt;&#10;  (Session info: chrome=91.0.4472.114)&#10;Build info: version: '3.141.59', revision: 'e82be7d358', time: '2018-11-14T08:17:03'&#10;System info: host: 'SSBOG5CG1097QPX', ip: '192.168.100.94', os.name: 'Windows 10', os.arch: 'amd64', os.version: '10.0', java.version: '1.8.0_251'&#10;Driver info: org.openqa.selenium.chrome.ChromeDriver&#10;Capabilities {acceptInsecureCerts: false, browserName: chrome, browserVersion: 91.0.4472.114, chrome: {chromedriverVersion: 90.0.4430.24 (4c6d850f087da..., userDataDir: C:\Users\JUAN~1.BLA\AppData...}, goog:chromeOptions: {debuggerAddress: localhost:53683}, javascriptEnabled: true, networkConnectionEnabled: false, pageLoadStrategy: normal, platform: WINDOWS, platformName: WINDOWS, proxy: Proxy(), setWindowRect: true, strictFileInteractability: false, timeouts: {implicit: 0, pageLoad: 300000, script: 30000}, unhandledPromptBehavior: dismiss and notify, webauthn:extension:largeBlob: true, webauthn:virtualAuthenticators: true}&#10;Session ID: 65115128010992a7a9d81586cf57d955&#10;Build info: version: '3.141.59', revision: 'e82be7d358', time: '2018-11-14T08:17:03'&#10;System info: host: 'SSBOG5CG1097QPX', ip: '192.168.100.94', os.name: 'Windows 10', os.arch: 'amd64', os.version: '10.0', java.version: '1.8.0_251'&#10;Driver info: driver.version: unknown" type="org.openqa.selenium.ElementClickInterceptedException">element click intercepted: Element &lt;button class="steppers-icon-right stepper__icon" tabindex=""&gt;...&lt;/button&gt; is not clickable at point (1115, 405). Other element would receive the click: &lt;div class="commercial-module__offers"&gt;...&lt;/div&gt;
  (Session info: chrome=91.0.4472.114)
Build info: version: '3.141.59', revision: 'e82be7d358', time: '2018-11-14T08:17:03'
System info: host: 'SSBOG5CG1097QPX', ip: '192.168.100.94', os.name: 'Windows 10', os.arch: 'amd64', os.version: '10.0', java.version: '1.8.0_251'
Driver info: org.openqa.selenium.chrome.ChromeDriver
Capabilities {acceptInsecureCerts: false, browserName: chrome, browserVersion: 91.0.4472.114, chrome: {chromedriverVersion: 90.0.4430.24 (4c6d850f087da..., userDataDir: C:\Users\JUAN~1.BLA\AppData...}, goog:chromeOptions: {debuggerAddress: localhost:53683}, javascriptEnabled: true, networkConnectionEnabled: false, pageLoadStrategy: normal, platform: WINDOWS, platformName: WINDOWS, proxy: Proxy(), setWindowRect: true, strictFileInteractability: false, timeouts: {implicit: 0, pageLoad: 300000, script: 30000}, unhandledPromptBehavior: dismiss and notify, webauthn:extension:largeBlob: true, webauthn:virtualAuthenticators: true}
Session ID: 65115128010992a7a9d81586cf57d955
Build info: version: '3.141.59', revision: 'e82be7d358', time: '2018-11-14T08:17:03'
System info: host: 'SSBOG5CG1097QPX', ip: '192.168.100.94', os.name: 'Windows 10', os.arch: 'amd64', os.version: '10.0', java.version: '1.8.0_251'
Driver info: driver.version: unknown</error><system-err>element click intercepted: Element &lt;button class="steppers-icon-right stepper__icon" tabindex=""&gt;...&lt;/button&gt; is not clickable at point (1115, 405). Other element would receive the click: &lt;div class="commercial-module__offers"&gt;...&lt;/div&gt;
  (Session info: chrome=91.0.4472.114)
Build info: version: '3.141.59', revision: 'e82be7d358', time: '2018-11-14T08:17:03'
System info: host: 'SSBOG5CG1097QPX', ip: '192.168.100.94', os.name: 'Windows 10', os.arch: 'amd64', os.version: '10.0', java.version: '1.8.0_251'
Driver info: org.openqa.selenium.chrome.ChromeDriver
Capabilities {acceptInsecureCerts: false, browserName: chrome, browserVersion: 91.0.4472.114, chrome: {chromedriverVersion: 90.0.4430.24 (4c6d850f087da..., userDataDir: C:\Users\JUAN~1.BLA\AppData...}, goog:chromeOptions: {debuggerAddress: localhost:53683}, javascriptEnabled: true, networkConnectionEnabled: false, pageLoadStrategy: normal, platform: WINDOWS, platformName: WINDOWS, proxy: Proxy(), setWindowRect: true, strictFileInteractability: false, timeouts: {implicit: 0, pageLoad: 300000, script: 30000}, unhandledPromptBehavior: dismiss and notify, webauthn:extension:largeBlob: true, webauthn:virtualAuthenticators: true}
Session ID: 65115128010992a7a9d81586cf57d955
Build info: version: '3.141.59', revision: 'e82be7d358', time: '2018-11-14T08:17:03'
System info: host: 'SSBOG5CG1097QPX', ip: '192.168.100.94', os.name: 'Windows 10', os.arch: 'amd64', os.version: '10.0', java.version: '1.8.0_251'
Driver info: driver.version: unknown&#13;
com.despegar.actions.Action.clickInObject(Action.java:20)&#13;
com.despegar.pages.DespegarHome.addPerson(DespegarHome.java:80)&#13;
com.despegar.pages.DespegarHome.selectPassengers(DespegarHome.java:71)&#13;
com.despegar.stepdefinitions.DespegarSearchStepDefinitions.cotizarUnViajeConAdultosNiñosDeEdades(DespegarSearchStepDefinitions.java:29)&#13;
✽.cotizar un viaje con 1 adultos, 2 niños de edades 0,1(file:///C:/Users/juan.blanco/Documents/semilleroTesting/Semillero/EjercicioDespegar/src/test/resources/com/despegar/features/despegar_search.feature:7)&#13;
</system-err></testcase></testsuite>