<?xml version="1.0" encoding="UTF-8"?><testsuite errors="1" failures="0" name="Verificacion archivos en repositorio" skipped="0" tests="1" time="58.74" timestamp="2021-07-12 01:09:29"><testcase name="Verificacion de archivos"><error message="no such element: Unable to locate element: {&quot;method&quot;:&quot;xpath&quot;,&quot;selector&quot;:&quot;//div[@class='d-flex flex-column flex-md-row flex-justify-between border-bottom pb-3 position-relative']//h3&quot;}&#10;  (Session info: chrome=91.0.4472.124)&#10;For documentation on this error, please visit: https://www.seleniumhq.org/exceptions/no_such_element.html&#10;Build info: version: '3.141.59', revision: 'e82be7d358', time: '2018-11-14T08:17:03'&#10;System info: host: 'SSBOG5CG1097QPX', ip: '192.168.100.94', os.name: 'Windows 10', os.arch: 'amd64', os.version: '10.0', java.version: '15.0.2'&#10;Driver info: org.openqa.selenium.chrome.ChromeDriver&#10;Capabilities {acceptInsecureCerts: false, browserName: chrome, browserVersion: 91.0.4472.124, chrome: {chromedriverVersion: 90.0.4430.24 (4c6d850f087da..., userDataDir: C:\Users\JUAN~1.BLA\AppData...}, goog:chromeOptions: {debuggerAddress: localhost:53604}, javascriptEnabled: true, networkConnectionEnabled: false, pageLoadStrategy: normal, platform: WINDOWS, platformName: WINDOWS, proxy: Proxy(), setWindowRect: true, strictFileInteractability: false, timeouts: {implicit: 0, pageLoad: 300000, script: 30000}, unhandledPromptBehavior: dismiss and notify, webauthn:extension:largeBlob: true, webauthn:virtualAuthenticators: true}&#10;Session ID: 81ba2c00a6eab1ec9669319eedadefb4&#10;*** Element info: {Using=xpath, value=//div[@class='d-flex flex-column flex-md-row flex-justify-between border-bottom pb-3 position-relative']//h3}&#10;For documentation on this error, please visit: https://www.seleniumhq.org/exceptions/no_such_element.html&#10;Build info: version: '3.141.59', revision: 'e82be7d358', time: '2018-11-14T08:17:03'&#10;System info: host: 'SSBOG5CG1097QPX', ip: '192.168.100.94', os.name: 'Windows 10', os.arch: 'amd64', os.version: '10.0', java.version: '15.0.2'&#10;Driver info: driver.version: unknown" type="org.openqa.selenium.NoSuchElementException">no such element: Unable to locate element: {"method":"xpath","selector":"//div[@class='d-flex flex-column flex-md-row flex-justify-between border-bottom pb-3 position-relative']//h3"}
  (Session info: chrome=91.0.4472.124)
For documentation on this error, please visit: https://www.seleniumhq.org/exceptions/no_such_element.html
Build info: version: '3.141.59', revision: 'e82be7d358', time: '2018-11-14T08:17:03'
System info: host: 'SSBOG5CG1097QPX', ip: '192.168.100.94', os.name: 'Windows 10', os.arch: 'amd64', os.version: '10.0', java.version: '15.0.2'
Driver info: org.openqa.selenium.chrome.ChromeDriver
Capabilities {acceptInsecureCerts: false, browserName: chrome, browserVersion: 91.0.4472.124, chrome: {chromedriverVersion: 90.0.4430.24 (4c6d850f087da..., userDataDir: C:\Users\JUAN~1.BLA\AppData...}, goog:chromeOptions: {debuggerAddress: localhost:53604}, javascriptEnabled: true, networkConnectionEnabled: false, pageLoadStrategy: normal, platform: WINDOWS, platformName: WINDOWS, proxy: Proxy(), setWindowRect: true, strictFileInteractability: false, timeouts: {implicit: 0, pageLoad: 300000, script: 30000}, unhandledPromptBehavior: dismiss and notify, webauthn:extension:largeBlob: true, webauthn:virtualAuthenticators: true}
Session ID: 81ba2c00a6eab1ec9669319eedadefb4
*** Element info: {Using=xpath, value=//div[@class='d-flex flex-column flex-md-row flex-justify-between border-bottom pb-3 position-relative']//h3}
For documentation on this error, please visit: https://www.seleniumhq.org/exceptions/no_such_element.html
Build info: version: '3.141.59', revision: 'e82be7d358', time: '2018-11-14T08:17:03'
System info: host: 'SSBOG5CG1097QPX', ip: '192.168.100.94', os.name: 'Windows 10', os.arch: 'amd64', os.version: '10.0', java.version: '15.0.2'
Driver info: driver.version: unknown</error><system-err>no such element: Unable to locate element: {"method":"xpath","selector":"//div[@class='d-flex flex-column flex-md-row flex-justify-between border-bottom pb-3 position-relative']//h3"}
  (Session info: chrome=91.0.4472.124)
For documentation on this error, please visit: https://www.seleniumhq.org/exceptions/no_such_element.html
Build info: version: '3.141.59', revision: 'e82be7d358', time: '2018-11-14T08:17:03'
System info: host: 'SSBOG5CG1097QPX', ip: '192.168.100.94', os.name: 'Windows 10', os.arch: 'amd64', os.version: '10.0', java.version: '15.0.2'
Driver info: org.openqa.selenium.chrome.ChromeDriver
Capabilities {acceptInsecureCerts: false, browserName: chrome, browserVersion: 91.0.4472.124, chrome: {chromedriverVersion: 90.0.4430.24 (4c6d850f087da..., userDataDir: C:\Users\JUAN~1.BLA\AppData...}, goog:chromeOptions: {debuggerAddress: localhost:53604}, javascriptEnabled: true, networkConnectionEnabled: false, pageLoadStrategy: normal, platform: WINDOWS, platformName: WINDOWS, proxy: Proxy(), setWindowRect: true, strictFileInteractability: false, timeouts: {implicit: 0, pageLoad: 300000, script: 30000}, unhandledPromptBehavior: dismiss and notify, webauthn:extension:largeBlob: true, webauthn:virtualAuthenticators: true}
Session ID: 81ba2c00a6eab1ec9669319eedadefb4
*** Element info: {Using=xpath, value=//div[@class='d-flex flex-column flex-md-row flex-justify-between border-bottom pb-3 position-relative']//h3}
For documentation on this error, please visit: https://www.seleniumhq.org/exceptions/no_such_element.html
Build info: version: '3.141.59', revision: 'e82be7d358', time: '2018-11-14T08:17:03'
System info: host: 'SSBOG5CG1097QPX', ip: '192.168.100.94', os.name: 'Windows 10', os.arch: 'amd64', os.version: '10.0', java.version: '15.0.2'
Driver info: driver.version: unknown&#13;
com.sophossolutions.pages.GitHubSearchResults.getCantRepoTotal(GitHubSearchResults.java:49)&#13;
com.sophossolutions.pages.GitHubSearchResults.collectData(GitHubSearchResults.java:43)&#13;
com.sophossolutions.stepdefinitions.FilesRepositoriesCheckStepDefinitions.buscarLaCantidadDeArchivosEnElRepositorioAngular(FilesRepositoriesCheckStepDefinitions.java:24)&#13;
✽.Buscar la cantidad de archivos en el repositorio react(file:///C:/Users/juan.blanco/Documents/semilleroTesting/Semillero/AutomatizacionGithub/src/test/resources/com/sophossolutions/features/files_repositories_check.feature:7)&#13;
</system-err></testcase></testsuite>